Traceback (most recent call last):
  File "C:\Python312\Lib\site-packages\jupyter_cache\executors\utils.py", line 58, in single_nb_execution
    executenb(
  File "C:\Python312\Lib\site-packages\nbclient\client.py", line 1314, in execute
    return NotebookClient(nb=nb, resources=resources, km=km, **kwargs).execute()
           ^^^^^^^^^^^^^^^^^^^^^^^^^^^^^^^^^^^^^^^^^^^^^^^^^^^^^^^^^^^^^^^^^^^^^
  File "C:\Python312\Lib\site-packages\jupyter_core\utils\__init__.py", line 165, in wrapped
    return loop.run_until_complete(inner)
           ^^^^^^^^^^^^^^^^^^^^^^^^^^^^^^
  File "C:\Python312\Lib\asyncio\base_events.py", line 687, in run_until_complete
    return future.result()
           ^^^^^^^^^^^^^^^
  File "C:\Python312\Lib\site-packages\nbclient\client.py", line 709, in async_execute
    await self.async_execute_cell(
  File "C:\Python312\Lib\site-packages\nbclient\client.py", line 1062, in async_execute_cell
    await self._check_raise_for_error(cell, cell_index, exec_reply)
  File "C:\Python312\Lib\site-packages\nbclient\client.py", line 918, in _check_raise_for_error
    raise CellExecutionError.from_cell_and_msg(cell, exec_reply_content)
nbclient.exceptions.CellExecutionError: An error occurred while executing the following cell:
------------------
# IMPORT LIBRARY
from sklearn.decomposition import PCA
import numpy as np
import pandas as pd
import matplotlib.pyplot as plt
from collections import Counter
------------------


[1;31m---------------------------------------------------------------------------[0m
[1;31mModuleNotFoundError[0m                       Traceback (most recent call last)
Cell [1;32mIn[1], line 2[0m
[0;32m      1[0m [38;5;66;03m# IMPORT LIBRARY[39;00m
[1;32m----> 2[0m [38;5;28;01mfrom[39;00m [38;5;21;01msklearn[39;00m[38;5;21;01m.[39;00m[38;5;21;01mdecomposition[39;00m [38;5;28;01mimport[39;00m PCA
[0;32m      3[0m [38;5;28;01mimport[39;00m [38;5;21;01mnumpy[39;00m [38;5;28;01mas[39;00m [38;5;21;01mnp[39;00m
[0;32m      4[0m [38;5;28;01mimport[39;00m [38;5;21;01mpandas[39;00m [38;5;28;01mas[39;00m [38;5;21;01mpd[39;00m

File [1;32mC:\Python312\Lib\site-packages\sklearn\__init__.py:84[0m
[0;32m     70[0m     [38;5;66;03m# We are not importing the rest of scikit-learn during the build[39;00m
[0;32m     71[0m     [38;5;66;03m# process, as it may not be compiled yet[39;00m
[0;32m     72[0m [38;5;28;01melse[39;00m:
[1;32m   (...)[0m
[0;32m     78[0m     [38;5;66;03m# later is linked to the OpenMP runtime to make it possible to introspect[39;00m
[0;32m     79[0m     [38;5;66;03m# it and importing it first would fail if the OpenMP dll cannot be found.[39;00m
[0;32m     80[0m     [38;5;28;01mfrom[39;00m [38;5;21;01m.[39;00m [38;5;28;01mimport[39;00m (
[0;32m     81[0m         __check_build,  [38;5;66;03m# noqa: F401[39;00m
[0;32m     82[0m         _distributor_init,  [38;5;66;03m# noqa: F401[39;00m
[0;32m     83[0m     )
[1;32m---> 84[0m     [38;5;28;01mfrom[39;00m [38;5;21;01m.[39;00m[38;5;21;01mbase[39;00m [38;5;28;01mimport[39;00m clone
[0;32m     85[0m     [38;5;28;01mfrom[39;00m [38;5;21;01m.[39;00m[38;5;21;01mutils[39;00m[38;5;21;01m.[39;00m[38;5;21;01m_show_versions[39;00m [38;5;28;01mimport[39;00m show_versions
[0;32m     87[0m     __all__ [38;5;241m=[39m [
[0;32m     88[0m         [38;5;124m"[39m[38;5;124mcalibration[39m[38;5;124m"[39m,
[0;32m     89[0m         [38;5;124m"[39m[38;5;124mcluster[39m[38;5;124m"[39m,
[1;32m   (...)[0m
[0;32m    130[0m         [38;5;124m"[39m[38;5;124mshow_versions[39m[38;5;124m"[39m,
[0;32m    131[0m     ]

File [1;32mC:\Python312\Lib\site-packages\sklearn\base.py:14[0m
[0;32m     11[0m [38;5;28;01mimport[39;00m [38;5;21;01mwarnings[39;00m
[0;32m     12[0m [38;5;28;01mfrom[39;00m [38;5;21;01mcollections[39;00m [38;5;28;01mimport[39;00m defaultdict
[1;32m---> 14[0m [38;5;28;01mimport[39;00m [38;5;21;01mnumpy[39;00m [38;5;28;01mas[39;00m [38;5;21;01mnp[39;00m
[0;32m     16[0m [38;5;28;01mfrom[39;00m [38;5;21;01m.[39;00m [38;5;28;01mimport[39;00m __version__
[0;32m     17[0m [38;5;28;01mfrom[39;00m [38;5;21;01m.[39;00m[38;5;21;01m_config[39;00m [38;5;28;01mimport[39;00m config_context, get_config

[1;31mModuleNotFoundError[0m: No module named 'numpy'

